[GIN-debug] POST   /user/register            --> goShop/handler.Register (3 handlers)
[GIN-debug] POST   /user/login               --> goShop/handler.Login (3 handlers)
[GIN-debug] GET    /user/logout              --> goShop/handler.Logout (3 handlers)
[GIN-debug] GET    /user/addToCart           --> goShop/handler.AddToCart (4 handlers)
[GIN-debug] GET    /user/pay                 --> goShop/handler.Pay (4 handlers)
[GIN-debug] GET    /user/newOrder            --> goShop/handler.CreatOrder (4 handlers)
[GIN-debug] GET    /user/getOrdersByUid      --> goShop/handler.GetOrdersByUid (4 handlers)
[GIN-debug] GET    /common/getProducts       --> goShop/handler.GetProducts (3 handlers)
[GIN-debug] GET    /common/getProductById    --> goShop/handler.GetProductByPId (3 handlers)
[GIN-debug] GET    /common/getTypeBySid      --> goShop/handler.GetTypeBySid (3 handlers)
[GIN-debug] GET    /admin/reset              --> goShop/handler.ResetPassWordBySid (3 handlers)
[GIN-debug] GET    /admin/addSaler           --> goShop/handler.AddSaler (3 handlers)
[GIN-debug] GET    /admin/getOrders          --> goShop/handler.GetOrders (3 handlers)
[GIN-debug] GET    /admin/getOrdersBySid     --> goShop/handler.GetOrdersBySid (3 handlers)
[GIN-debug] GET    /sale/addType             --> goShop/handler.AddType (4 handlers)
[GIN-debug] GET    /sale/deleteType          --> goShop/handler.DeleteType (4 handlers)
[GIN-debug] GET    /sale/insertProduct       --> goShop/handler.InsertProduct (4 handlers)
[GIN-debug] GET    /sale/deleteProduct       --> goShop/handler.DeleteProduct (4 handlers)
[GIN-debug] GET    /sale/updateProduct       --> goShop/handler.UpdateProduct (4 handlers)
[GIN-debug] GET    /sale/sendProduct         --> goShop/handler.SendProduct (4 handlers)
[GIN-debug] GET    /sale/getLogs             --> goShop/handler.GetLogs (4 handlers)
[GIN-debug] [WARNING] You trusted all proxies, this is NOT safe. We recommend you to set a value.
Please check https://pkg.go.dev/github.com/gin-gonic/gin#readme-don-t-trust-all-proxies for details.
[GIN-debug] Environment variable PORT is undefined. Using port :8080 by default
[GIN-debug] Listening and serving HTTP on :8080
2022/05/23 00:48:35 Register fail: err =%!w(*errors.errorString=&{unexpected EOF})
2022/05/23 00:49:06 Register fail: err =%!w(*json.UnmarshalTypeError=&{number 0x112eac0 28 User username})
2022/05/23 00:49:37 Register fail: err =%!w(*json.SyntaxError=&{invalid character '"' after object key:value pair 29})
